{"C:\\Users\\Hexulez\\source\\Nonstop\\Testaus\\testaus.js": {"path":"C:\\Users\\Hexulez\\source\\Nonstop\\Testaus\\testaus.js","statementMap":{"0":{"start":{"line":2,"column":2},"end":{"line":2,"column":13}},"1":{"start":{"line":38,"column":20},"end":{"line":38,"column":32}},"2":{"start":{"line":53,"column":14},"end":{"line":53,"column":21}},"3":{"start":{"line":70,"column":14},"end":{"line":70,"column":16}},"4":{"start":{"line":83,"column":13},"end":{"line":83,"column":18}},"5":{"start":{"line":99,"column":18},"end":{"line":99,"column":25}},"6":{"start":{"line":101,"column":17},"end":{"line":101,"column":28}},"7":{"start":{"line":104,"column":13},"end":{"line":104,"column":31}},"8":{"start":{"line":137,"column":6},"end":{"line":137,"column":22}},"9":{"start":{"line":177,"column":24},"end":{"line":177,"column":75}},"10":{"start":{"line":180,"column":6},"end":{"line":180,"column":28}},"11":{"start":{"line":182,"column":4},"end":{"line":182,"column":96}}},"fnMap":{"0":{"name":"summa","decl":{"start":{"line":1,"column":9},"end":{"line":1,"column":14}},"loc":{"start":{"line":1,"column":19},"end":{"line":3,"column":1}},"line":1},"1":{"name":"kerroNumerot","decl":{"start":{"line":135,"column":13},"end":{"line":135,"column":25}},"loc":{"start":{"line":136,"column":4},"end":{"line":138,"column":5}},"line":136},"2":{"name":"turtlePower","decl":{"start":{"line":178,"column":13},"end":{"line":178,"column":24}},"loc":{"start":{"line":179,"column":4},"end":{"line":181,"column":5}},"line":179}},"branchMap":{},"s":{"0":1,"1":1,"2":1,"3":1,"4":1,"5":1,"6":1,"7":1,"8":3,"9":1,"10":0,"11":1},"f":{"0":1,"1":3,"2":0},"b":{},"_coverageSchema":"1a1c01bbd47fc00a2c39e90264f33305004495a9","hash":"05bee35b8f5b69ac79dc1dd6e5e833930ecbb594"}
}
